Release 14.7 - xst P.20131013 (nt64)
Copyright (c) 1995-2013 Xilinx, Inc.  All rights reserved.
--> Parameter TMPDIR set to xst/projnav.tmp


Total REAL time to Xst completion: 0.00 secs
Total CPU time to Xst completion: 0.12 secs
 
--> Parameter xsthdpdir set to xst


Total REAL time to Xst completion: 0.00 secs
Total CPU time to Xst completion: 0.12 secs
 
--> Reading design: alu_4bits.prj

TABLE OF CONTENTS
  1) Synthesis Options Summary
  2) HDL Compilation
  3) Design Hierarchy Analysis
  4) HDL Analysis
  5) HDL Synthesis
     5.1) HDL Synthesis Report
  6) Advanced HDL Synthesis
     6.1) Advanced HDL Synthesis Report
  7) Low Level Synthesis
  8) Partition Report
  9) Final Report
	9.1) Device utilization summary
	9.2) Partition Resource Summary
	9.3) TIMING REPORT


=========================================================================
*                      Synthesis Options Summary                        *
=========================================================================
---- Source Parameters
Input File Name                    : "alu_4bits.prj"
Input Format                       : mixed
Ignore Synthesis Constraint File   : NO

---- Target Parameters
Output File Name                   : "alu_4bits"
Output Format                      : NGC
Target Device                      : xc3s500e-4-fg320

---- Source Options
Top Module Name                    : alu_4bits
Automatic FSM Extraction           : YES
FSM Encoding Algorithm             : Auto
Safe Implementation                : No
FSM Style                          : LUT
RAM Extraction                     : Yes
RAM Style                          : Auto
ROM Extraction                     : Yes
Mux Style                          : Auto
Decoder Extraction                 : YES
Priority Encoder Extraction        : Yes
Shift Register Extraction          : YES
Logical Shifter Extraction         : YES
XOR Collapsing                     : YES
ROM Style                          : Auto
Mux Extraction                     : Yes
Resource Sharing                   : YES
Asynchronous To Synchronous        : NO
Multiplier Style                   : Auto
Automatic Register Balancing       : No

---- Target Options
Add IO Buffers                     : YES
Global Maximum Fanout              : 100000
Add Generic Clock Buffer(BUFG)     : 24
Register Duplication               : YES
Slice Packing                      : YES
Optimize Instantiated Primitives   : NO
Use Clock Enable                   : Yes
Use Synchronous Set                : Yes
Use Synchronous Reset              : Yes
Pack IO Registers into IOBs        : Auto
Equivalent register Removal        : YES

---- General Options
Optimization Goal                  : Speed
Optimization Effort                : 1
Keep Hierarchy                     : No
Netlist Hierarchy                  : As_Optimized
RTL Output                         : Yes
Global Optimization                : AllClockNets
Read Cores                         : YES
Write Timing Constraints           : NO
Cross Clock Analysis               : NO
Hierarchy Separator                : /
Bus Delimiter                      : <>
Case Specifier                     : Maintain
Slice Utilization Ratio            : 100
BRAM Utilization Ratio             : 100
Verilog 2001                       : YES
Auto BRAM Packing                  : NO
Slice Utilization Ratio Delta      : 5

=========================================================================


=========================================================================
*                          HDL Compilation                              *
=========================================================================
Compiling vhdl file "C:/Users/Santiago/ALU/debounce_switch.vhd" in Library work.
Entity <debounce_switch> compiled.
Entity <debounce_switch> (Architecture <behavioral>) compiled.
Compiling vhdl file "C:/Users/Santiago/ALU/alu_4bits.vhd" in Library work.
Entity <alu_4bits> compiled.
Entity <alu_4bits> (Architecture <behavioral>) compiled.

=========================================================================
*                     Design Hierarchy Analysis                         *
=========================================================================
Analyzing hierarchy for entity <alu_4bits> in library <work> (architecture <behavioral>).

Analyzing hierarchy for entity <debounce_switch> in library <work> (architecture <Behavioral>).


=========================================================================
*                            HDL Analysis                               *
=========================================================================
Analyzing Entity <alu_4bits> in library <work> (Architecture <behavioral>).
Entity <alu_4bits> analyzed. Unit <alu_4bits> generated.

Analyzing Entity <debounce_switch> in library <work> (Architecture <Behavioral>).
Entity <debounce_switch> analyzed. Unit <debounce_switch> generated.


=========================================================================
*                           HDL Synthesis                               *
=========================================================================

Performing bidirectional port resolution...

Synthesizing Unit <debounce_switch>.
    Related source file is "C:/Users/Santiago/ALU/debounce_switch.vhd".
    Found 19-bit up counter for signal <r_count>.
    Found 19-bit comparator less for signal <r_count$cmp_lt0000> created at line 51.
    Found 1-bit xor2 for signal <r_count$xor0000> created at line 51.
    Found 1-bit register for signal <r_state>.
    Summary:
	inferred   1 Counter(s).
	inferred   1 D-type flip-flop(s).
	inferred   1 Comparator(s).
Unit <debounce_switch> synthesized.


Synthesizing Unit <alu_4bits>.
    Related source file is "C:/Users/Santiago/ALU/alu_4bits.vhd".
    Found 1-bit register for signal <r_led>.
    Found 1-bit register for signal <r_switch_1>.
    Summary:
	inferred   2 D-type flip-flop(s).
Unit <alu_4bits> synthesized.


=========================================================================
HDL Synthesis Report

Macro Statistics
# Counters                                             : 1
 19-bit up counter                                     : 1
# Registers                                            : 3
 1-bit register                                        : 3
# Comparators                                          : 1
 19-bit comparator less                                : 1
# Xors                                                 : 1
 1-bit xor2                                            : 1

=========================================================================

=========================================================================
*                       Advanced HDL Synthesis                          *
=========================================================================


=========================================================================
Advanced HDL Synthesis Report

Macro Statistics
# Counters                                             : 1
 19-bit up counter                                     : 1
# Registers                                            : 3
 Flip-Flops                                            : 3
# Comparators                                          : 1
 19-bit comparator less                                : 1
# Xors                                                 : 1
 1-bit xor2                                            : 1

=========================================================================

=========================================================================
*                         Low Level Synthesis                           *
=========================================================================

Optimizing unit <alu_4bits> ...

Mapping all equations...
Building and optimizing final netlist ...
Found area constraint ratio of 100 (+ 5) on block alu_4bits, actual ratio is 0.

Final Macro Processing ...

=========================================================================
Final Register Report

Macro Statistics
# Registers                                            : 22
 Flip-Flops                                            : 22

=========================================================================

=========================================================================
*                           Partition Report                            *
=========================================================================

Partition Implementation Status
-------------------------------

  No Partitions were found in this design.

-------------------------------

=========================================================================
*                            Final Report                               *
=========================================================================
Final Results
RTL Top Level Output File Name     : alu_4bits.ngr
Top Level Output File Name         : alu_4bits
Output Format                      : NGC
Optimization Goal                  : Speed
Keep Hierarchy                     : No

Design Statistics
# IOs                              : 3

Cell Usage :
# BELS                             : 85
#      GND                         : 1
#      INV                         : 3
#      LUT1                        : 21
#      LUT2                        : 2
#      LUT3                        : 2
#      LUT4                        : 6
#      MUXCY                       : 30
#      VCC                         : 1
#      XORCY                       : 19
# FlipFlops/Latches                : 22
#      FD                          : 1
#      FDE                         : 2
#      FDR                         : 19
# Clock Buffers                    : 1
#      BUFGP                       : 1
# IO Buffers                       : 2
#      IBUF                        : 1
#      OBUF                        : 1
=========================================================================

Device utilization summary:
---------------------------

Selected Device : 3s500efg320-4 

 Number of Slices:                       19  out of   4656     0%  
 Number of Slice Flip Flops:             22  out of   9312     0%  
 Number of 4 input LUTs:                 34  out of   9312     0%  
 Number of IOs:                           3
 Number of bonded IOBs:                   3  out of    232     1%  
 Number of GCLKs:                         1  out of     24     4%  

---------------------------
Partition Resource Summary:
---------------------------

  No Partitions were found in this design.

---------------------------


=========================================================================
TIMING REPORT

NOTE: THESE TIMING NUMBERS ARE ONLY A SYNTHESIS ESTIMATE.
      FOR ACCURATE TIMING INFORMATION PLEASE REFER TO THE TRACE REPORT
      GENERATED AFTER PLACE-and-ROUTE.

Clock Information:
------------------
-----------------------------------+------------------------+-------+
Clock Signal                       | Clock buffer(FF name)  | Load  |
-----------------------------------+------------------------+-------+
i_clk                              | BUFGP                  | 22    |
-----------------------------------+------------------------+-------+

Asynchronous Control Signals Information:
----------------------------------------
No asynchronous control signals found in this design

Timing Summary:
---------------
Speed Grade: -4

   Minimum period: 6.374ns (Maximum Frequency: 156.887MHz)
   Minimum input arrival time before clock: 4.540ns
   Maximum output required time after clock: 4.310ns
   Maximum combinational path delay: No path found

Timing Detail:
--------------
All values displayed in nanoseconds (ns)

=========================================================================
Timing constraint: Default period analysis for Clock 'i_clk'
  Clock period: 6.374ns (frequency: 156.887MHz)
  Total number of paths / destination ports: 498 / 42
-------------------------------------------------------------------------
Delay:               6.374ns (Levels of Logic = 9)
  Source:            debounce/r_count_5 (FF)
  Destination:       debounce/r_count_0 (FF)
  Source Clock:      i_clk rising
  Destination Clock: i_clk rising

  Data Path: debounce/r_count_5 to debounce/r_count_0
                                Gate     Net
    Cell:in->out      fanout   Delay   Delay  Logical Name (Net Name)
    ----------------------------------------  ------------
     FDR:C->Q              3   0.591   0.706  debounce/r_count_5 (debounce/r_count_5)
     LUT1:I0->O            1   0.704   0.000  debounce/Mcompar_r_count_cmp_lt0000_cy<0>_rt (debounce/Mcompar_r_count_cmp_lt0000_cy<0>_rt)
     MUXCY:S->O            1   0.464   0.000  debounce/Mcompar_r_count_cmp_lt0000_cy<0> (debounce/Mcompar_r_count_cmp_lt0000_cy<0>)
     MUXCY:CI->O           1   0.059   0.000  debounce/Mcompar_r_count_cmp_lt0000_cy<1> (debounce/Mcompar_r_count_cmp_lt0000_cy<1>)
     MUXCY:CI->O           1   0.059   0.000  debounce/Mcompar_r_count_cmp_lt0000_cy<2> (debounce/Mcompar_r_count_cmp_lt0000_cy<2>)
     MUXCY:CI->O           1   0.059   0.000  debounce/Mcompar_r_count_cmp_lt0000_cy<3> (debounce/Mcompar_r_count_cmp_lt0000_cy<3>)
     MUXCY:CI->O           1   0.059   0.000  debounce/Mcompar_r_count_cmp_lt0000_cy<4> (debounce/Mcompar_r_count_cmp_lt0000_cy<4>)
     MUXCY:CI->O           1   0.059   0.000  debounce/Mcompar_r_count_cmp_lt0000_cy<5> (debounce/Mcompar_r_count_cmp_lt0000_cy<5>)
     MUXCY:CI->O           1   0.459   0.455  debounce/Mcompar_r_count_cmp_lt0000_cy<6> (debounce/Mcompar_r_count_cmp_lt0000_cy<6>)
     LUT3:I2->O           19   0.704   1.085  debounce/r_count_not00011 (debounce/r_count_not0001)
     FDR:R                     0.911          debounce/r_count_0
    ----------------------------------------
    Total                      6.374ns (4.128ns logic, 2.246ns route)
                                       (64.8% logic, 35.2% route)

=========================================================================
Timing constraint: Default OFFSET IN BEFORE for Clock 'i_clk'
  Total number of paths / destination ports: 20 / 20
-------------------------------------------------------------------------
Offset:              4.540ns (Levels of Logic = 2)
  Source:            i_switch_1 (PAD)
  Destination:       debounce/r_count_0 (FF)
  Destination Clock: i_clk rising

  Data Path: i_switch_1 to debounce/r_count_0
                                Gate     Net
    Cell:in->out      fanout   Delay   Delay  Logical Name (Net Name)
    ----------------------------------------  ------------
     IBUF:I->O             2   1.218   0.622  i_switch_1_IBUF (i_switch_1_IBUF)
     LUT3:I0->O           19   0.704   1.085  debounce/r_count_not00011 (debounce/r_count_not0001)
     FDR:R                     0.911          debounce/r_count_0
    ----------------------------------------
    Total                      4.540ns (2.833ns logic, 1.707ns route)
                                       (62.4% logic, 37.6% route)

=========================================================================
Timing constraint: Default OFFSET OUT AFTER for Clock 'i_clk'
  Total number of paths / destination ports: 1 / 1
-------------------------------------------------------------------------
Offset:              4.310ns (Levels of Logic = 1)
  Source:            r_led (FF)
  Destination:       o_led (PAD)
  Source Clock:      i_clk rising

  Data Path: r_led to o_led
                                Gate     Net
    Cell:in->out      fanout   Delay   Delay  Logical Name (Net Name)
    ----------------------------------------  ------------
     FDE:C->Q              2   0.591   0.447  r_led (r_led)
     OBUF:I->O                 3.272          o_led_OBUF (o_led)
    ----------------------------------------
    Total                      4.310ns (3.863ns logic, 0.447ns route)
                                       (89.6% logic, 10.4% route)

=========================================================================


Total REAL time to Xst completion: 3.00 secs
Total CPU time to Xst completion: 3.38 secs
 
--> 

Total memory usage is 4497504 kilobytes

Number of errors   :    0 (   0 filtered)
Number of warnings :    0 (   0 filtered)
Number of infos    :    0 (   0 filtered)

